1603801430498	geckodriver	INFO	Listening on 127.0.0.1:56802
1603801433522	mozrunner::runner	INFO	Running command: "C:\\Program Files\\Mozilla Firefox\\firefox.exe" "--marionette" "-foreground" "-no-remote" "-profile" "C:\\Users\\ADMINI~1\\AppData\\Local\\Temp\\2\\rust_mozprofileJ5vkTH"
JavaScript error: resource://gre/modules/XULStore.jsm, line 66: Error: Can't find profile directory.
console.error: SearchCache: "_readCacheFile: Error reading cache file:" (new Error("", "(unknown module)"))
1603801435971	Marionette	INFO	Listening on port 56811
1603801436348	Marionette	WARN	TLS certificate errors will be ignored for this session
1603801466062	Marionette	INFO	Stopped listening on port 56811

###!!! [Child][RunMessage] Error: Channel closing: too late to send/recv, messages will be lost


###!!! [Child][MessageChannel::SendAndWait] Error: Channel error: cannot send/recv

1603802057085	geckodriver	INFO	Listening on 127.0.0.1:56897
1603802060114	mozrunner::runner	INFO	Running command: "C:\\Program Files\\Mozilla Firefox\\firefox.exe" "--marionette" "-foreground" "-no-remote" "-profile" "C:\\Users\\ADMINI~1\\AppData\\Local\\Temp\\2\\rust_mozprofile7QEsB1"
JavaScript error: resource://gre/modules/XULStore.jsm, line 66: Error: Can't find profile directory.
console.error: SearchCache: "_readCacheFile: Error reading cache file:" (new Error("", "(unknown module)"))
1603802062425	Marionette	INFO	Listening on port 56905
1603802062882	Marionette	WARN	TLS certificate errors will be ignored for this session
1603802448723	Marionette	INFO	Stopped listening on port 56905

###!!! [Child][RunMessage] Error: Channel closing: too late to send/recv, messages will be lost


###!!! [Child][MessageChannel::SendAndWait] Error: Channel error: cannot send/recv

1604751443902	geckodriver	INFO	Listening on 127.0.0.1:64463
1604751446948	mozrunner::runner	INFO	Running command: "C:\\Program Files\\Mozilla Firefox\\firefox.exe" "--marionette" "-foreground" "-no-remote" "-profile" "C:\\Users\\ADMINI~1\\AppData\\Local\\Temp\\2\\rust_mozprofileecOSwI"
1604752230522	geckodriver	INFO	Listening on 127.0.0.1:64616
1604752875838	geckodriver	INFO	Listening on 127.0.0.1:64687
1604752878878	mozrunner::runner	INFO	Running command: "C:\\Program Files\\Mozilla Firefox\\firefox.exe" "--marionette" "-foreground" "-no-remote" "-profile" "C:\\Users\\ADMINI~1\\AppData\\Local\\Temp\\2\\rust_mozprofile4L19W6"
JavaScript error: resource://gre/modules/XULStore.jsm, line 66: Error: Can't find profile directory.
console.warn: SearchSettings: "get: No settings file exists, new profile?" (new Error("", "(unknown module)"))
1604752881407	Marionette	INFO	Listening on port 64695
1604752881691	Marionette	WARN	TLS certificate errors will be ignored for this session
JavaScript error: resource://gre/actors/AutoCompleteChild.jsm, line 235: Error: Invalid autocomplete selectedIndex
1604752961621	Marionette	INFO	Stopped listening on port 64695

###!!! [Child][RunMessage] Error: Channel closing: too late to send/recv, messages will be lost


###!!! [Child][MessageChannel::SendAndWait] Error: Channel error: cannot send/recv

1604753121595	geckodriver	INFO	Listening on 127.0.0.1:64761
1604753124604	mozrunner::runner	INFO	Running command: "C:\\Program Files\\Mozilla Firefox\\firefox.exe" "--marionette" "-foreground" "-no-remote" "-profile" "C:\\Users\\ADMINI~1\\AppData\\Local\\Temp\\2\\rust_mozprofile7qSiWi"
JavaScript error: resource://gre/modules/XULStore.jsm, line 66: Error: Can't find profile directory.
console.warn: SearchSettings: "get: No settings file exists, new profile?" (new Error("", "(unknown module)"))
1604753127041	Marionette	INFO	Listening on port 64769
1604753127432	Marionette	WARN	TLS certificate errors will be ignored for this session
1604753813785	Marionette	INFO	Stopped listening on port 64769

###!!! [Child][RunMessage] Error: Channel closing: too late to send/recv, messages will be lost


###!!! [Child][MessageChannel::SendAndWait] Error: Channel error: cannot send/recv

l\\Temp\\2\\rust_mozprofileaha711"
JavaScript error: resource://gre/modules/XULStore.jsm, line 66: Error: Can't find profile directory.
console.warn: SearchSettings: "get: No settings file exists, new profile?" (new Error("", "(unknown module)"))
1604753222998	Marionette	INFO	Listening on port 64832
1604753223293	Marionette	WARN	TLS certificate errors will be ignored for this session
1604753548856	Marionette	INFO	Stopped listening on port 64832

###!!! [Child][RunMessage] Error: Channel closing: too late to send/recv, messages will be lost


###!!! [Child][MessageChannel::SendAndWait] Error: (msgtype=0x5D0005,name=PImageBridge::Msg_WillClose) Channel error: cannot send/recv

1604753579252	geckodriver	INFO	Listening on 127.0.0.1:64881
1604753582293	mozrunner::runner	INFO	Running command: "C:\\Program Files\\Mozilla Firefox\\firefox.exe" "--marionette" "-foreground" "-no-remote" "-profile" "C:\\Users\\ADMINI~1\\AppData\\Local\\Temp\\2\\rust_mozprofileI2rnw7"
JavaScript error: resource://gre/modules/XULStore.jsm, line 66: Error: Can't find profile directory.
console.warn: SearchSettings: "get: No settings file exists, new profile?" (new Error("", "(unknown module)"))
1604753584629	Marionette	INFO	Listening on port 64889
1604753585073	Marionette	WARN	TLS certificate errors will be ignored for this session
1604753597833	Marionette	INFO	Stopped listening on port 64889

###!!! [Child][MessageChannel::SendAndWait] Error: Channel error: cannot send/recv

1605620161335	geckodriver	INFO	Listening on 127.0.0.1:58821
